/var/spool/slurmd/job750044/slurm_script: line 11: export: `=': not a valid identifier
/var/spool/slurmd/job750044/slurm_script: line 11: export: `../datasets/cifar10': not a valid identifier
bertie activated
Mon Jul 26 16:34:35 2021       
+-----------------------------------------------------------------------------+
| NVIDIA-SMI 450.80.02    Driver Version: 450.80.02    CUDA Version: 11.0     |
|-------------------------------+----------------------+----------------------+
| GPU  Name        Persistence-M| Bus-Id        Disp.A | Volatile Uncorr. ECC |
| Fan  Temp  Perf  Pwr:Usage/Cap|         Memory-Usage | GPU-Util  Compute M. |
|                               |                      |               MIG M. |
|===============================+======================+======================|
|   0  TITAN X (Pascal)    Off  | 00000000:04:00.0 Off |                  N/A |
| 23%   34C    P8     9W / 250W |      0MiB / 12196MiB |      0%      Default |
|                               |                      |                  N/A |
+-------------------------------+----------------------+----------------------+
|   1  TITAN X (Pascal)    Off  | 00000000:83:00.0 Off |                  N/A |
| 23%   27C    P8     9W / 250W |      0MiB / 12196MiB |      0%      Default |
|                               |                      |                  N/A |
+-------------------------------+----------------------+----------------------+
|   2  TITAN X (Pascal)    Off  | 00000000:84:00.0 Off |                  N/A |
| 23%   23C    P8    10W / 250W |      0MiB / 12196MiB |      0%      Default |
|                               |                      |                  N/A |
+-------------------------------+----------------------+----------------------+
                                                                               
+-----------------------------------------------------------------------------+
| Processes:                                                                  |
|  GPU   GI   CI        PID   Type   Process name                  GPU Memory |
|        ID   ID                                                   Usage      |
|=============================================================================|
|  No running processes found                                                 |
+-----------------------------------------------------------------------------+
bertie activated
Mon Jul 26 16:34:35 2021       
+-----------------------------------------------------------------------------+
| NVIDIA-SMI 450.80.02    Driver Version: 450.80.02    CUDA Version: 11.0     |
|-------------------------------+----------------------+----------------------+
| GPU  Name        Persistence-M| Bus-Id        Disp.A | Volatile Uncorr. ECC |
| Fan  Temp  Perf  Pwr:Usage/Cap|         Memory-Usage | GPU-Util  Compute M. |
|                               |                      |               MIG M. |
|===============================+======================+======================|
|   0  TITAN X (Pascal)    Off  | 00000000:02:00.0 Off |                  N/A |
| 23%   32C    P8     9W / 250W |      0MiB / 12196MiB |      0%      Default |
|                               |                      |                  N/A |
+-------------------------------+----------------------+----------------------+
|   1  TITAN X (Pascal)    Off  | 00000000:04:00.0 Off |                  N/A |
| 23%   26C    P8     8W / 250W |      0MiB / 12196MiB |      0%      Default |
|                               |                      |                  N/A |
+-------------------------------+----------------------+----------------------+
|   2  TITAN X (Pascal)    Off  | 00000000:83:00.0 Off |                  N/A |
| 23%   27C    P8     9W / 250W |      0MiB / 12196MiB |      0%      Default |
|                               |                      |                  N/A |
+-------------------------------+----------------------+----------------------+
                                                                               
+-----------------------------------------------------------------------------+
| Processes:                                                                  |
|  GPU   GI   CI        PID   Type   Process name                  GPU Memory |
|        ID   ID                                                   Usage      |
|=============================================================================|
|  No running processes found                                                 |
+-----------------------------------------------------------------------------+
